[2026-02-20 14:35:55.490558+05:30] Starting scheduled sync...
[2026-02-20 14:36:17.828804+05:30] Sync completed successfully.
[2026-02-20 14:48:12.262875+05:30] Starting scheduled sync...
[2026-02-20 14:48:14.663348+05:30] Sync completed successfully.
[2026-02-20 15:07:11.941176+05:30] Starting scheduled sync...
[2026-02-20 15:07:13.883547+05:30] Sync completed successfully.
[2026-02-22 05:00:13.977423+05:30] Starting scheduled sync...
[2026-02-22 05:00:17.218823+05:30] Sync completed successfully.
[2026-02-23 04:47:59.963657+05:30] Starting scheduled sync...
[2026-02-23 04:50:20.619806+05:30] Sync completed successfully.
[2026-02-23 04:56:51.721352+05:30] Starting scheduled sync...
[2026-02-23 04:56:53.351431+05:30] Sync completed successfully.
[2026-02-23 11:19:01.262677+05:30] Starting scheduled sync...
[2026-02-23 11:19:03.846176+05:30] Sync completed successfully.
[2026-02-23 11:24:27.782607+05:30] Starting scheduled sync...
[2026-02-23 11:48:24.536140+05:30] Starting scheduled sync...
[2026-02-23 11:48:26.434183+05:30] Sync completed successfully.
[2026-02-23 11:52:40.392977+05:30] Starting scheduled sync...
[2026-02-23 12:12:10.285250+05:30] Sync completed successfully.
[2026-02-23 12:28:01.732588+05:30] Starting scheduled sync...
[2026-02-23 12:41:44.650527+05:30] Starting scheduled sync...
[2026-02-23 13:00:05.154174+05:30] Sync completed successfully.
[2026-02-23 13:19:47.679399+05:30] Starting scheduled sync...
[2026-02-23 13:34:29.402736+05:30] Sync completed successfully.
[2026-02-23 14:00:34.621756+05:30] Starting scheduled sync...
[2026-02-23 14:13:17.153859+05:30] Sync completed successfully.
[2026-03-04 15:35:37.700664+05:30] ========================================
[2026-03-04 15:35:37.701669+05:30] Daily Pipeline Started
[2026-03-04 15:35:37.702663+05:30] ========================================
[2026-03-04 15:35:37.702663+05:30] Starting Drive Sync...
[2026-03-16 14:28:44.622504+05:30] ========================================
[2026-03-16 14:28:44.624465+05:30] Daily Pipeline Started
[2026-03-16 14:28:44.624465+05:30] ========================================
[2026-03-16 14:28:44.625671+05:30] Starting Drive Sync...
[2026-03-16 14:28:47.024658+05:30] Drive Sync failed: ('invalid_grant: Token has been expired or revoked.', {'error': 'invalid_grant', 'error_description': 'Token has been expired or revoked.'})
[2026-03-16 14:28:47.025301+05:30] Pipeline stopped.
[2026-03-16 14:29:37.845921+05:30] ========================================
[2026-03-16 14:29:37.846953+05:30] Daily Pipeline Started
[2026-03-16 14:29:37.847877+05:30] ========================================
[2026-03-16 14:29:37.847877+05:30] Starting Drive Sync...
[2026-03-16 14:30:55.089547+05:30] Drive Sync failed: The write operation timed out
[2026-03-16 14:30:55.091680+05:30] Pipeline stopped.
[2026-03-16 14:32:09.921270+05:30] ========================================
[2026-03-16 14:32:09.922200+05:30] Daily Pipeline Started
[2026-03-16 14:32:09.923265+05:30] ========================================
[2026-03-16 14:32:09.923265+05:30] Starting Drive Sync...
[2026-03-16 14:32:15.454205+05:30] Drive Sync completed.
[2026-03-16 14:32:15.454205+05:30] Starting SQLite Backup...
[2026-03-16 14:32:18.741294+05:30] SQLite Backup completed.
[2026-03-16 14:32:18.742278+05:30] Starting Qdrant Backup...
[2026-03-16 14:32:50.247546+05:30] Qdrant Backup completed.
[2026-03-16 14:32:50.247546+05:30] ========================================
[2026-03-16 14:32:50.248550+05:30] Daily Pipeline Finished
[2026-03-16 14:32:50.248550+05:30] ========================================
[2026-03-16 14:50:19.931134+05:30] ========================================
[2026-03-16 14:50:19.931134+05:30] Daily Pipeline Started
[2026-03-16 14:50:19.932678+05:30] ========================================
[2026-03-16 14:50:19.932678+05:30] Starting Drive Sync...
[2026-03-16 14:50:32.352831+05:30] Drive Sync completed.
[2026-03-16 14:50:32.352831+05:30] Starting SQLite Backup...
[2026-03-16 14:50:35.832106+05:30] SQLite Backup completed.
[2026-03-16 14:50:35.833226+05:30] Starting Qdrant Backup...
[2026-03-16 14:50:52.933505+05:30] Qdrant Backup completed.
[2026-03-16 14:50:52.934508+05:30] ========================================
[2026-03-16 14:50:52.934508+05:30] Daily Pipeline Finished
[2026-03-16 14:50:52.936013+05:30] ========================================
[2026-03-16 15:02:18.709964+05:30] ========================================
[2026-03-16 15:02:18.710960+05:30] Daily Pipeline Started
[2026-03-16 15:02:18.710960+05:30] ========================================
[2026-03-16 15:02:18.711960+05:30] Starting Drive Sync...
[2026-03-16 15:02:31.020932+05:30] Drive Sync completed.
[2026-03-16 15:02:31.022025+05:30] Starting SQLite Backup...
[2026-03-16 15:02:34.158854+05:30] SQLite Backup completed.
[2026-03-16 15:02:34.159949+05:30] Starting Qdrant Backup...
[2026-03-16 15:02:51.438090+05:30] Qdrant Backup completed.
[2026-03-16 15:02:51.438518+05:30] ========================================
[2026-03-16 15:02:51.438518+05:30] Daily Pipeline Finished
[2026-03-16 15:02:51.439526+05:30] ========================================
[2026-03-16 15:08:43.640934+05:30] ========================================
[2026-03-16 15:08:43.641477+05:30] Daily Pipeline Started
[2026-03-16 15:08:43.641477+05:30] ========================================
[2026-03-16 15:08:43.642488+05:30] Starting Drive Sync...
[2026-03-16 15:08:46.175813+05:30] Drive Sync completed.
[2026-03-16 15:08:46.175813+05:30] Starting SQLite Backup...
[2026-03-16 15:08:49.103011+05:30] SQLite Backup completed.
[2026-03-16 15:08:49.104516+05:30] Starting Qdrant Backup...
[2026-03-16 15:09:11.783502+05:30] ========================================
[2026-03-16 15:09:11.784503+05:30] Daily Pipeline Started
[2026-03-16 15:09:11.784503+05:30] ========================================
[2026-03-16 15:09:11.785507+05:30] Starting Drive Sync...
[2026-03-16 15:09:14.420891+05:30] Drive Sync completed.
[2026-03-16 15:09:14.421431+05:30] Starting SQLite Backup...
[2026-03-16 15:09:17.460787+05:30] SQLite Backup completed.
[2026-03-16 15:09:17.460787+05:30] Starting Qdrant Backup...
[2026-03-16 15:09:33.627836+05:30] Qdrant Backup completed.
[2026-03-16 15:09:33.627836+05:30] ========================================
[2026-03-16 15:09:33.628736+05:30] Daily Pipeline Finished
[2026-03-16 15:09:33.628736+05:30] ========================================
[2026-03-16 15:09:41.418018+05:30] ========================================
[2026-03-16 15:09:41.418018+05:30] Daily Pipeline Started
[2026-03-16 15:09:41.419064+05:30] ========================================
[2026-03-16 15:09:41.419064+05:30] Starting Drive Sync...
[2026-03-16 15:09:46.841189+05:30] Drive Sync completed.
[2026-03-16 15:09:46.841712+05:30] Starting SQLite Backup...
[2026-03-16 15:09:49.748493+05:30] SQLite Backup completed.
[2026-03-16 15:09:49.749501+05:30] Starting Qdrant Backup...
[2026-03-16 15:10:06.583571+05:30] Qdrant Backup completed.
[2026-03-16 15:10:06.584571+05:30] ========================================
[2026-03-16 15:10:06.584571+05:30] Daily Pipeline Finished
[2026-03-16 15:10:06.584571+05:30] ========================================
[2026-03-16 15:24:32.862645+05:30] ========================================
[2026-03-16 15:24:32.863644+05:30] Daily Pipeline Started
[2026-03-16 15:24:32.864646+05:30] ========================================
[2026-03-16 15:24:32.864646+05:30] Starting Drive Sync...
[2026-03-16 15:24:36.790140+05:30] Drive Sync completed.
[2026-03-16 15:24:36.790140+05:30] Starting SQLite Backup...
[2026-03-16 15:24:40.059299+05:30] SQLite Backup completed.
[2026-03-16 15:24:40.060298+05:30] Starting Qdrant Backup...
[2026-03-16 15:24:59.784682+05:30] Qdrant Backup completed.
[2026-03-16 15:24:59.784682+05:30] ========================================
[2026-03-16 15:24:59.785653+05:30] Daily Pipeline Finished
[2026-03-16 15:24:59.785653+05:30] ========================================
[2026-03-16 15:25:50.227775+05:30] ========================================
[2026-03-16 15:25:50.228303+05:30] Daily Pipeline Started
[2026-03-16 15:25:50.228809+05:30] ========================================
[2026-03-16 15:25:50.228809+05:30] Starting Drive Sync...
[2026-03-16 15:25:59.249588+05:30] Drive Sync failed: _ssl.c:989: The handshake operation timed out
[2026-03-16 15:25:59.250587+05:30] Pipeline stopped.
[2026-03-16 15:26:36.453772+05:30] ========================================
[2026-03-16 15:26:36.454693+05:30] Daily Pipeline Started
[2026-03-16 15:26:36.454693+05:30] ========================================
[2026-03-16 15:26:36.455692+05:30] Starting Drive Sync...
[2026-03-16 15:26:39.888006+05:30] Drive Sync completed.
[2026-03-16 15:26:39.888593+05:30] Starting SQLite Backup...
[2026-03-16 15:26:43.037898+05:30] SQLite Backup completed.
[2026-03-16 15:26:43.038405+05:30] Starting Qdrant Backup...
[2026-03-16 15:26:59.374188+05:30] Qdrant Backup completed.
[2026-03-16 15:26:59.374188+05:30] ========================================
[2026-03-16 15:26:59.375188+05:30] Daily Pipeline Finished
[2026-03-16 15:26:59.375188+05:30] ========================================
